Build started 23/07/2017 22:39:42.
     1>Project "C:\Users\welli\Wellington\Projetos\LinkedList\lista_encadeada\lista_encadeada.vcxproj" on node 2 (build target(s)).
     1>InitializeBuildStatus:
         Touching "Debug\lista_encadeada.unsuccessfulbuild".
       ClCompile:
         C:\Program Files (x86)\Microsoft Visual Studio 10.0\VC\bin\CL.exe /c /ZI /nologo /W3 /WX- /Od /Oy- /D _MBCS /Gm /EHsc /RTC1 /MDd /GS /fp:precise /Zc:wchar_t /Zc:forScope /Fo"Debug\\" /Fd"Debug\vc100.pdb" /Gd /TP /analyze- /errorReport:prompt main.cpp
         main.cpp
       Link:
         C:\Program Files (x86)\Microsoft Visual Studio 10.0\VC\bin\link.exe /ERRORREPORT:PROMPT /OUT:"C:\Users\welli\Wellington\Projetos\LinkedList\Debug\lista_encadeada.exe" /NOLOGO kernel32.lib user32.lib gdi32.lib winspool.lib comdlg32.lib advapi32.lib shell32.lib ole32.lib oleaut32.lib uuid.lib odbc32.lib odbccp32.lib /MANIFEST /ManifestFile:"Debug\lista_encadeada.exe.intermediate.manifest" /MANIFESTUAC:"level='asInvoker' uiAccess='false'" /DEBUG /PDB:"C:\Users\welli\Wellington\Projetos\LinkedList\Debug\lista_encadeada.pdb" /TLBID:1 /DYNAMICBASE /NXCOMPAT /IMPLIB:"C:\Users\welli\Wellington\Projetos\LinkedList\Debug\lista_encadeada.lib" /MACHINE:X86 Debug\Elemento.obj
         Debug\ListaEncadeada.obj
         Debug\main.obj
         LINK : C:\Users\welli\Wellington\Projetos\LinkedList\Debug\lista_encadeada.exe not found or not built by the last incremental link; performing full link
         lista_encadeada.vcxproj -> C:\Users\welli\Wellington\Projetos\LinkedList\Debug\lista_encadeada.exe
       Manifest:
         C:\Program Files (x86)\Microsoft SDKs\Windows\v7.0A\bin\mt.exe /nologo /verbose /outputresource:"C:\Users\welli\Wellington\Projetos\LinkedList\Debug\lista_encadeada.exe;#1" /manifest Debug\lista_encadeada.exe.intermediate.manifest
       FinalizeBuildStatus:
         Deleting file "Debug\lista_encadeada.unsuccessfulbuild".
         Touching "Debug\lista_encadeada.lastbuildstate".
     1>Done Building Project "C:\Users\welli\Wellington\Projetos\LinkedList\lista_encadeada\lista_encadeada.vcxproj" (build target(s)).

Build succeeded.

Time Elapsed 00:00:01.05
