C:\USERS\WELLI\WELLINGTON\PROJETOS\LINKEDLIST\LISTA_ENCADEADA\DEBUG\APP.OBJ
C:\Users\welli\Wellington\Projetos\LinkedList\lista_encadeada\Debug\cl.command.1.tlog
C:\Users\welli\Wellington\Projetos\LinkedList\lista_encadeada\Debug\CL.read.1.tlog
C:\Users\welli\Wellington\Projetos\LinkedList\lista_encadeada\Debug\CL.write.1.tlog
C:\USERS\WELLI\WELLINGTON\PROJETOS\LINKEDLIST\LISTA_ENCADEADA\DEBUG\CMDADD.OBJ
C:\USERS\WELLI\WELLINGTON\PROJETOS\LINKEDLIST\LISTA_ENCADEADA\DEBUG\CMDADDPOS.OBJ
C:\USERS\WELLI\WELLINGTON\PROJETOS\LINKEDLIST\LISTA_ENCADEADA\DEBUG\CMDCON.OBJ
C:\USERS\WELLI\WELLINGTON\PROJETOS\LINKEDLIST\LISTA_ENCADEADA\DEBUG\CMDDEL.OBJ
C:\USERS\WELLI\WELLINGTON\PROJETOS\LINKEDLIST\LISTA_ENCADEADA\DEBUG\CMDDELALL.OBJ
C:\USERS\WELLI\WELLINGTON\PROJETOS\LINKEDLIST\LISTA_ENCADEADA\DEBUG\CMDDELBEG.OBJ
C:\USERS\WELLI\WELLINGTON\PROJETOS\LINKEDLIST\LISTA_ENCADEADA\DEBUG\CMDDELLAST.OBJ
C:\USERS\WELLI\WELLINGTON\PROJETOS\LINKEDLIST\LISTA_ENCADEADA\DEBUG\CMDFORALL.OBJ
C:\USERS\WELLI\WELLINGTON\PROJETOS\LINKEDLIST\LISTA_ENCADEADA\DEBUG\CMDFORALLEND.OBJ
C:\USERS\WELLI\WELLINGTON\PROJETOS\LINKEDLIST\LISTA_ENCADEADA\DEBUG\CMDSORT.OBJ
C:\Users\welli\Wellington\Projetos\LinkedList\lista_encadeada\Debug\CommandsConsole.obj
C:\Users\welli\Wellington\Projetos\LinkedList\lista_encadeada\Debug\Controller.obj
C:\USERS\WELLI\WELLINGTON\PROJETOS\LINKEDLIST\LISTA_ENCADEADA\DEBUG\DATA.OBJ
C:\USERS\WELLI\WELLINGTON\PROJETOS\LINKEDLIST\LISTA_ENCADEADA\DEBUG\ELEMENTO.OBJ
C:\USERS\WELLI\WELLINGTON\PROJETOS\LINKEDLIST\LISTA_ENCADEADA\DEBUG\INPUTCONTROL.OBJ
C:\Users\welli\Wellington\Projetos\LinkedList\lista_encadeada\Debug\link.command.1.tlog
C:\Users\welli\Wellington\Projetos\LinkedList\lista_encadeada\Debug\link.read.1.tlog
C:\Users\welli\Wellington\Projetos\LinkedList\lista_encadeada\Debug\link.write.1.tlog
C:\USERS\WELLI\WELLINGTON\PROJETOS\LINKEDLIST\LISTA_ENCADEADA\DEBUG\LINKEDLIST.OBJ
C:\Users\welli\Wellington\Projetos\LinkedList\lista_encadeada\Debug\lista_persistencia.exe.intermediate.manifest
C:\Users\welli\Wellington\Projetos\LinkedList\lista_encadeada\Debug\lista_persistencia.pdb
C:\Users\welli\Wellington\Projetos\LinkedList\lista_encadeada\Debug\lista_persistencia.vcxprojResolveAssemblyReference.cache
C:\Users\welli\Wellington\Projetos\LinkedList\lista_encadeada\Debug\lista_persistencia.write.1.tlog
C:\Users\welli\Wellington\Projetos\LinkedList\lista_encadeada\Debug\ListMenu.obj
C:\USERS\WELLI\WELLINGTON\PROJETOS\LINKEDLIST\LISTA_ENCADEADA\DEBUG\MAIN.OBJ
C:\Users\welli\Wellington\Projetos\LinkedList\lista_encadeada\Debug\MainMenu.obj
C:\Users\welli\Wellington\Projetos\LinkedList\lista_encadeada\Debug\mt.command.1.tlog
C:\Users\welli\Wellington\Projetos\LinkedList\lista_encadeada\Debug\mt.read.1.tlog
C:\Users\welli\Wellington\Projetos\LinkedList\lista_encadeada\Debug\mt.write.1.tlog
C:\Users\welli\Wellington\Projetos\LinkedList\lista_encadeada\Debug\PersistentAgent.obj
C:\USERS\WELLI\WELLINGTON\PROJETOS\LINKEDLIST\LISTA_ENCADEADA\DEBUG\SYSTEMMESSAGE.OBJ
C:\Users\welli\Wellington\Projetos\LinkedList\lista_encadeada\Debug\vc100.idb
C:\USERS\WELLI\WELLINGTON\PROJETOS\LINKEDLIST\LISTA_ENCADEADA\DEBUG\VC100.PDB
C:\USERS\WELLI\WELLINGTON\PROJETOS\LISTAPERSISTENCIA\LISTA_PERSISTENCIA2.0\DEBUG\COMMANDSCONSOLE.OBJ
C:\USERS\WELLI\WELLINGTON\PROJETOS\LISTAPERSISTENCIA\LISTA_PERSISTENCIA2.0\DEBUG\CONTROLLER.OBJ
C:\USERS\WELLI\WELLINGTON\PROJETOS\LISTAPERSISTENCIA\LISTA_PERSISTENCIA2.0\DEBUG\ELEMENTO.OBJ
C:\USERS\WELLI\WELLINGTON\PROJETOS\LISTAPERSISTENCIA\LISTA_PERSISTENCIA2.0\DEBUG\LINKEDLIST.OBJ
C:\USERS\WELLI\WELLINGTON\PROJETOS\LISTAPERSISTENCIA\LISTA_PERSISTENCIA2.0\DEBUG\LISTA_PERSISTENCIA.EXE
C:\USERS\WELLI\WELLINGTON\PROJETOS\LISTAPERSISTENCIA\LISTA_PERSISTENCIA2.0\DEBUG\LISTA_PERSISTENCIA.EXE.INTERMEDIATE.MANIFEST
C:\USERS\WELLI\WELLINGTON\PROJETOS\LISTAPERSISTENCIA\LISTA_PERSISTENCIA2.0\DEBUG\LISTA_PERSISTENCIA.ILK
C:\USERS\WELLI\WELLINGTON\PROJETOS\LISTAPERSISTENCIA\LISTA_PERSISTENCIA2.0\DEBUG\LISTA_PERSISTENCIA.PDB
C:\USERS\WELLI\WELLINGTON\PROJETOS\LISTAPERSISTENCIA\LISTA_PERSISTENCIA2.0\DEBUG\LISTMENU.OBJ
C:\USERS\WELLI\WELLINGTON\PROJETOS\LISTAPERSISTENCIA\LISTA_PERSISTENCIA2.0\DEBUG\MAIN.OBJ
C:\USERS\WELLI\WELLINGTON\PROJETOS\LISTAPERSISTENCIA\LISTA_PERSISTENCIA2.0\DEBUG\MAINMENU.OBJ
C:\USERS\WELLI\WELLINGTON\PROJETOS\LISTAPERSISTENCIA\LISTA_PERSISTENCIA2.0\DEBUG\PERSISTENTAGENT.OBJ
C:\USERS\WELLI\WELLINGTON\PROJETOS\LISTAPERSISTENCIA\LISTA_PERSISTENCIA2.0\DEBUG\SYSTEMMESSAGE.OBJ
C:\USERS\WELLI\WELLINGTON\PROJETOS\LISTAPERSISTENCIA\LISTA_PERSISTENCIA2.0\DEBUG\VC100.PDB
C:\USERS\WELLINGTON.MACEDO\DESKTOP\WELLINGTON\PROJETOS\LISTACOMPERSISTENCIA\LISTA_PERSISTENCIA2.0\DEBUG\APP.OBJ
C:\USERS\WELLINGTON.MACEDO\DESKTOP\WELLINGTON\PROJETOS\LISTACOMPERSISTENCIA\LISTA_PERSISTENCIA2.0\DEBUG\COMMANDSCONSOLE.OBJ
C:\USERS\WELLINGTON.MACEDO\DESKTOP\WELLINGTON\PROJETOS\LISTACOMPERSISTENCIA\LISTA_PERSISTENCIA2.0\DEBUG\CONSOLEINTERFACE.OBJ
C:\USERS\WELLINGTON.MACEDO\DESKTOP\WELLINGTON\PROJETOS\LISTACOMPERSISTENCIA\LISTA_PERSISTENCIA2.0\DEBUG\CONTROLLER.OBJ
C:\USERS\WELLINGTON.MACEDO\DESKTOP\WELLINGTON\PROJETOS\LISTACOMPERSISTENCIA\LISTA_PERSISTENCIA2.0\DEBUG\DATA.OBJ
C:\USERS\WELLINGTON.MACEDO\DESKTOP\WELLINGTON\PROJETOS\LISTACOMPERSISTENCIA\LISTA_PERSISTENCIA2.0\DEBUG\ELEMENTO.OBJ
C:\USERS\WELLINGTON.MACEDO\DESKTOP\WELLINGTON\PROJETOS\LISTACOMPERSISTENCIA\LISTA_PERSISTENCIA2.0\DEBUG\INPUTCONTROL.OBJ
C:\USERS\WELLINGTON.MACEDO\DESKTOP\WELLINGTON\PROJETOS\LISTACOMPERSISTENCIA\LISTA_PERSISTENCIA2.0\DEBUG\LINKEDLIST.OBJ
C:\USERS\WELLINGTON.MACEDO\DESKTOP\WELLINGTON\PROJETOS\LISTACOMPERSISTENCIA\LISTA_PERSISTENCIA2.0\DEBUG\LISTA_PERSISTENCIA.EXE
C:\USERS\WELLINGTON.MACEDO\DESKTOP\WELLINGTON\PROJETOS\LISTACOMPERSISTENCIA\LISTA_PERSISTENCIA2.0\DEBUG\LISTMENU.OBJ
C:\USERS\WELLINGTON.MACEDO\DESKTOP\WELLINGTON\PROJETOS\LISTACOMPERSISTENCIA\LISTA_PERSISTENCIA2.0\DEBUG\MAIN.OBJ
C:\USERS\WELLINGTON.MACEDO\DESKTOP\WELLINGTON\PROJETOS\LISTACOMPERSISTENCIA\LISTA_PERSISTENCIA2.0\DEBUG\MAINMENU.OBJ
C:\USERS\WELLINGTON.MACEDO\DESKTOP\WELLINGTON\PROJETOS\LISTACOMPERSISTENCIA\LISTA_PERSISTENCIA2.0\DEBUG\PERSISTENTAGENT.OBJ
C:\USERS\WELLINGTON.MACEDO\DESKTOP\WELLINGTON\PROJETOS\LISTACOMPERSISTENCIA\LISTA_PERSISTENCIA2.0\DEBUG\SYSTEMMESSAGE.OBJ
C:\USERS\WELLINGTON.MACEDO\DESKTOP\WELLINGTON\PROJETOS\LISTACOMPERSISTENCIA\LISTA_PERSISTENCIA2.0\DEBUG\VC100.PDB
